{"D:\\Kata Library Management System\\src\\Book.js": {"path":"D:\\Kata Library Management System\\src\\Book.js","statementMap":{"0":{"start":{"line":3,"column":4},"end":{"line":3,"column":21}},"1":{"start":{"line":4,"column":4},"end":{"line":4,"column":23}},"2":{"start":{"line":5,"column":4},"end":{"line":5,"column":25}},"3":{"start":{"line":6,"column":4},"end":{"line":6,"column":43}},"4":{"start":{"line":7,"column":4},"end":{"line":7,"column":28}},"5":{"start":{"line":11,"column":0},"end":{"line":11,"column":22}}},"fnMap":{"0":{"name":"(anonymous_0)","decl":{"start":{"line":2,"column":2},"end":{"line":2,"column":3}},"loc":{"start":{"line":2,"column":52},"end":{"line":8,"column":3}},"line":2}},"branchMap":{},"s":{"0":3,"1":3,"2":3,"3":3,"4":3,"5":1},"f":{"0":3},"b":{},"_coverageSchema":"1a1c01bbd47fc00a2c39e90264f33305004495a9","hash":"a804571202f661feeb3470509c1b566658556a49"}
,"D:\\Kata Library Management System\\src\\Library.js": {"path":"D:\\Kata Library Management System\\src\\Library.js","statementMap":{"0":{"start":{"line":1,"column":13},"end":{"line":1,"column":30}},"1":{"start":{"line":2,"column":13},"end":{"line":2,"column":30}},"2":{"start":{"line":6,"column":4},"end":{"line":6,"column":27}},"3":{"start":{"line":7,"column":4},"end":{"line":7,"column":27}},"4":{"start":{"line":12,"column":4},"end":{"line":14,"column":5}},"5":{"start":{"line":13,"column":6},"end":{"line":13,"column":45}},"6":{"start":{"line":15,"column":4},"end":{"line":17,"column":5}},"7":{"start":{"line":16,"column":6},"end":{"line":16,"column":42}},"8":{"start":{"line":18,"column":4},"end":{"line":20,"column":5}},"9":{"start":{"line":19,"column":6},"end":{"line":19,"column":46}},"10":{"start":{"line":21,"column":17},"end":{"line":21,"column":39}},"11":{"start":{"line":22,"column":4},"end":{"line":22,"column":33}},"12":{"start":{"line":27,"column":4},"end":{"line":29,"column":5}},"13":{"start":{"line":28,"column":6},"end":{"line":28,"column":45}},"14":{"start":{"line":30,"column":17},"end":{"line":30,"column":39}},"15":{"start":{"line":31,"column":4},"end":{"line":33,"column":5}},"16":{"start":{"line":32,"column":6},"end":{"line":32,"column":41}},"17":{"start":{"line":34,"column":4},"end":{"line":34,"column":16}},"18":{"start":{"line":39,"column":4},"end":{"line":41,"column":5}},"19":{"start":{"line":40,"column":6},"end":{"line":40,"column":45}},"20":{"start":{"line":42,"column":4},"end":{"line":44,"column":5}},"21":{"start":{"line":43,"column":6},"end":{"line":43,"column":41}},"22":{"start":{"line":45,"column":4},"end":{"line":45,"column":30}},"23":{"start":{"line":51,"column":4},"end":{"line":53,"column":5}},"24":{"start":{"line":52,"column":6},"end":{"line":52,"column":43}},"25":{"start":{"line":54,"column":4},"end":{"line":56,"column":5}},"26":{"start":{"line":55,"column":6},"end":{"line":55,"column":44}},"27":{"start":{"line":57,"column":4},"end":{"line":59,"column":5}},"28":{"start":{"line":58,"column":6},"end":{"line":58,"column":45}},"29":{"start":{"line":60,"column":4},"end":{"line":62,"column":5}},"30":{"start":{"line":61,"column":6},"end":{"line":61,"column":54}},"31":{"start":{"line":63,"column":4},"end":{"line":65,"column":5}},"32":{"start":{"line":64,"column":6},"end":{"line":64,"column":47}},"33":{"start":{"line":67,"column":17},"end":{"line":67,"column":63}},"34":{"start":{"line":68,"column":4},"end":{"line":68,"column":31}},"35":{"start":{"line":73,"column":4},"end":{"line":75,"column":5}},"36":{"start":{"line":74,"column":6},"end":{"line":74,"column":42}},"37":{"start":{"line":76,"column":17},"end":{"line":76,"column":37}},"38":{"start":{"line":77,"column":4},"end":{"line":79,"column":5}},"39":{"start":{"line":78,"column":6},"end":{"line":78,"column":41}},"40":{"start":{"line":80,"column":4},"end":{"line":80,"column":16}},"41":{"start":{"line":85,"column":0},"end":{"line":85,"column":25}}},"fnMap":{"0":{"name":"(anonymous_0)","decl":{"start":{"line":5,"column":2},"end":{"line":5,"column":3}},"loc":{"start":{"line":5,"column":16},"end":{"line":8,"column":3}},"line":5},"1":{"name":"(anonymous_1)","decl":{"start":{"line":11,"column":2},"end":{"line":11,"column":3}},"loc":{"start":{"line":11,"column":29},"end":{"line":23,"column":3}},"line":11},"2":{"name":"(anonymous_2)","decl":{"start":{"line":26,"column":2},"end":{"line":26,"column":3}},"loc":{"start":{"line":26,"column":18},"end":{"line":35,"column":3}},"line":26},"3":{"name":"(anonymous_3)","decl":{"start":{"line":38,"column":2},"end":{"line":38,"column":3}},"loc":{"start":{"line":38,"column":21},"end":{"line":46,"column":3}},"line":38},"4":{"name":"(anonymous_4)","decl":{"start":{"line":50,"column":2},"end":{"line":50,"column":3}},"loc":{"start":{"line":50,"column":48},"end":{"line":69,"column":3}},"line":50},"5":{"name":"(anonymous_5)","decl":{"start":{"line":72,"column":2},"end":{"line":72,"column":3}},"loc":{"start":{"line":72,"column":16},"end":{"line":81,"column":3}},"line":72}},"branchMap":{"0":{"loc":{"start":{"line":12,"column":4},"end":{"line":14,"column":5}},"type":"if","locations":[{"start":{"line":12,"column":4},"end":{"line":14,"column":5}},{"start":{},"end":{}}],"line":12},"1":{"loc":{"start":{"line":15,"column":4},"end":{"line":17,"column":5}},"type":"if","locations":[{"start":{"line":15,"column":4},"end":{"line":17,"column":5}},{"start":{},"end":{}}],"line":15},"2":{"loc":{"start":{"line":18,"column":4},"end":{"line":20,"column":5}},"type":"if","locations":[{"start":{"line":18,"column":4},"end":{"line":20,"column":5}},{"start":{},"end":{}}],"line":18},"3":{"loc":{"start":{"line":27,"column":4},"end":{"line":29,"column":5}},"type":"if","locations":[{"start":{"line":27,"column":4},"end":{"line":29,"column":5}},{"start":{},"end":{}}],"line":27},"4":{"loc":{"start":{"line":31,"column":4},"end":{"line":33,"column":5}},"type":"if","locations":[{"start":{"line":31,"column":4},"end":{"line":33,"column":5}},{"start":{},"end":{}}],"line":31},"5":{"loc":{"start":{"line":39,"column":4},"end":{"line":41,"column":5}},"type":"if","locations":[{"start":{"line":39,"column":4},"end":{"line":41,"column":5}},{"start":{},"end":{}}],"line":39},"6":{"loc":{"start":{"line":42,"column":4},"end":{"line":44,"column":5}},"type":"if","locations":[{"start":{"line":42,"column":4},"end":{"line":44,"column":5}},{"start":{},"end":{}}],"line":42},"7":{"loc":{"start":{"line":51,"column":4},"end":{"line":53,"column":5}},"type":"if","locations":[{"start":{"line":51,"column":4},"end":{"line":53,"column":5}},{"start":{},"end":{}}],"line":51},"8":{"loc":{"start":{"line":54,"column":4},"end":{"line":56,"column":5}},"type":"if","locations":[{"start":{"line":54,"column":4},"end":{"line":56,"column":5}},{"start":{},"end":{}}],"line":54},"9":{"loc":{"start":{"line":57,"column":4},"end":{"line":59,"column":5}},"type":"if","locations":[{"start":{"line":57,"column":4},"end":{"line":59,"column":5}},{"start":{},"end":{}}],"line":57},"10":{"loc":{"start":{"line":60,"column":4},"end":{"line":62,"column":5}},"type":"if","locations":[{"start":{"line":60,"column":4},"end":{"line":62,"column":5}},{"start":{},"end":{}}],"line":60},"11":{"loc":{"start":{"line":63,"column":4},"end":{"line":65,"column":5}},"type":"if","locations":[{"start":{"line":63,"column":4},"end":{"line":65,"column":5}},{"start":{},"end":{}}],"line":63},"12":{"loc":{"start":{"line":73,"column":4},"end":{"line":75,"column":5}},"type":"if","locations":[{"start":{"line":73,"column":4},"end":{"line":75,"column":5}},{"start":{},"end":{}}],"line":73},"13":{"loc":{"start":{"line":77,"column":4},"end":{"line":79,"column":5}},"type":"if","locations":[{"start":{"line":77,"column":4},"end":{"line":79,"column":5}},{"start":{},"end":{}}],"line":77}},"s":{"0":1,"1":1,"2":19,"3":19,"4":7,"5":1,"6":6,"7":1,"8":5,"9":1,"10":4,"11":4,"12":3,"13":1,"14":2,"15":2,"16":1,"17":1,"18":3,"19":1,"20":2,"21":1,"22":1,"23":8,"24":1,"25":7,"26":1,"27":6,"28":1,"29":5,"30":1,"31":4,"32":1,"33":3,"34":3,"35":3,"36":1,"37":2,"38":2,"39":1,"40":1,"41":1},"f":{"0":19,"1":7,"2":3,"3":3,"4":8,"5":3},"b":{"0":[1,6],"1":[1,5],"2":[1,4],"3":[1,2],"4":[1,1],"5":[1,2],"6":[1,1],"7":[1,7],"8":[1,6],"9":[1,5],"10":[1,4],"11":[1,3],"12":[1,2],"13":[1,1]},"_coverageSchema":"1a1c01bbd47fc00a2c39e90264f33305004495a9","hash":"4ad1b45799e5d1247e4bc666f58d687918251579"}
,"D:\\Kata Library Management System\\src\\User.js": {"path":"D:\\Kata Library Management System\\src\\User.js","statementMap":{"0":{"start":{"line":3,"column":4},"end":{"line":3,"column":25}},"1":{"start":{"line":4,"column":4},"end":{"line":4,"column":21}},"2":{"start":{"line":5,"column":4},"end":{"line":5,"column":28}},"3":{"start":{"line":9,"column":0},"end":{"line":9,"column":22}}},"fnMap":{"0":{"name":"(anonymous_0)","decl":{"start":{"line":2,"column":2},"end":{"line":2,"column":3}},"loc":{"start":{"line":2,"column":28},"end":{"line":6,"column":3}},"line":2}},"branchMap":{},"s":{"0":4,"1":4,"2":4,"3":1},"f":{"0":4},"b":{},"_coverageSchema":"1a1c01bbd47fc00a2c39e90264f33305004495a9","hash":"bab7db2ea463ed3d1abb577298602ff88d7774e2"}
}
