TN:
SF:src\Book.js
FN:2,(anonymous_0)
FNF:1
FNH:1
FNDA:4,(anonymous_0)
DA:3,4
DA:4,4
DA:5,4
DA:6,4
DA:7,4
DA:11,1
LF:6
LH:6
BRF:0
BRH:0
end_of_record
TN:
SF:src\Library.js
FN:5,(anonymous_0)
FN:11,(anonymous_1)
FN:26,(anonymous_2)
FN:38,(anonymous_3)
FN:50,(anonymous_4)
FN:72,(anonymous_5)
FN:84,(anonymous_6)
FNF:7
FNH:7
FNDA:22,(anonymous_0)
FNDA:7,(anonymous_1)
FNDA:3,(anonymous_2)
FNDA:3,(anonymous_3)
FNDA:9,(anonymous_4)
FNDA:3,(anonymous_5)
FNDA:3,(anonymous_6)
DA:1,1
DA:2,1
DA:6,22
DA:7,22
DA:12,7
DA:13,1
DA:15,6
DA:16,1
DA:18,5
DA:19,1
DA:21,4
DA:22,4
DA:27,3
DA:28,1
DA:30,2
DA:31,2
DA:32,1
DA:34,1
DA:39,3
DA:40,1
DA:42,2
DA:43,1
DA:45,1
DA:51,9
DA:52,1
DA:54,8
DA:55,1
DA:57,7
DA:58,1
DA:60,6
DA:61,1
DA:63,5
DA:64,1
DA:67,4
DA:68,4
DA:73,3
DA:74,1
DA:76,2
DA:77,2
DA:78,1
DA:80,1
DA:85,3
DA:86,1
DA:88,2
DA:89,1
DA:91,1
DA:97,1
LF:47
LH:47
BRDA:12,0,0,1
BRDA:12,0,1,6
BRDA:15,1,0,1
BRDA:15,1,1,5
BRDA:18,2,0,1
BRDA:18,2,1,4
BRDA:27,3,0,1
BRDA:27,3,1,2
BRDA:31,4,0,1
BRDA:31,4,1,1
BRDA:39,5,0,1
BRDA:39,5,1,2
BRDA:42,6,0,1
BRDA:42,6,1,1
BRDA:51,7,0,1
BRDA:51,7,1,8
BRDA:54,8,0,1
BRDA:54,8,1,7
BRDA:57,9,0,1
BRDA:57,9,1,6
BRDA:60,10,0,1
BRDA:60,10,1,5
BRDA:63,11,0,1
BRDA:63,11,1,4
BRDA:73,12,0,1
BRDA:73,12,1,2
BRDA:77,13,0,1
BRDA:77,13,1,1
BRDA:85,14,0,1
BRDA:85,14,1,2
BRDA:88,15,0,1
BRDA:88,15,1,1
BRF:32
BRH:32
end_of_record
TN:
SF:src\User.js
FN:2,(anonymous_0)
FNF:1
FNH:1
FNDA:4,(anonymous_0)
DA:3,4
DA:4,4
DA:5,4
DA:9,1
LF:4
LH:4
BRF:0
BRH:0
end_of_record
