TN:
SF:src\Book.js
FN:2,(anonymous_0)
FNF:1
FNH:1
FNDA:8,(anonymous_0)
DA:3,8
DA:4,8
DA:5,8
DA:6,8
DA:7,8
DA:11,1
LF:6
LH:6
BRF:0
BRH:0
end_of_record
TN:
SF:src\Library.js
FN:5,(anonymous_0)
FN:11,(anonymous_1)
FN:26,(anonymous_2)
FN:38,(anonymous_3)
FN:50,(anonymous_4)
FN:72,(anonymous_5)
FN:84,(anonymous_6)
FN:95,(anonymous_7)
FN:113,(anonymous_8)
FN:127,(anonymous_9)
FNF:10
FNH:10
FNDA:34,(anonymous_0)
FNDA:13,(anonymous_1)
FNDA:13,(anonymous_2)
FNDA:3,(anonymous_3)
FNDA:13,(anonymous_4)
FNDA:11,(anonymous_5)
FNDA:3,(anonymous_6)
FNDA:8,(anonymous_7)
FNDA:6,(anonymous_8)
FNDA:1,(anonymous_9)
DA:1,1
DA:2,1
DA:6,34
DA:7,34
DA:12,13
DA:13,1
DA:15,12
DA:16,1
DA:18,11
DA:19,1
DA:21,10
DA:22,10
DA:27,13
DA:28,1
DA:30,12
DA:31,12
DA:32,3
DA:34,9
DA:39,3
DA:40,1
DA:42,2
DA:43,1
DA:45,1
DA:51,13
DA:52,1
DA:54,12
DA:55,1
DA:57,11
DA:58,1
DA:60,10
DA:61,1
DA:63,9
DA:64,1
DA:67,8
DA:68,8
DA:73,11
DA:74,1
DA:76,10
DA:77,10
DA:78,3
DA:80,7
DA:85,3
DA:86,1
DA:88,2
DA:89,1
DA:91,1
DA:96,8
DA:97,1
DA:99,7
DA:100,1
DA:102,6
DA:103,5
DA:104,4
DA:105,1
DA:108,3
DA:109,3
DA:114,6
DA:115,1
DA:117,5
DA:118,1
DA:120,4
DA:121,3
DA:122,2
DA:123,1
DA:126,1
DA:127,1
DA:133,1
LF:67
LH:67
BRDA:12,0,0,1
BRDA:12,0,1,12
BRDA:15,1,0,1
BRDA:15,1,1,11
BRDA:18,2,0,1
BRDA:18,2,1,10
BRDA:27,3,0,1
BRDA:27,3,1,12
BRDA:31,4,0,3
BRDA:31,4,1,9
BRDA:39,5,0,1
BRDA:39,5,1,2
BRDA:42,6,0,1
BRDA:42,6,1,1
BRDA:51,7,0,1
BRDA:51,7,1,12
BRDA:54,8,0,1
BRDA:54,8,1,11
BRDA:57,9,0,1
BRDA:57,9,1,10
BRDA:60,10,0,1
BRDA:60,10,1,9
BRDA:63,11,0,1
BRDA:63,11,1,8
BRDA:73,12,0,1
BRDA:73,12,1,10
BRDA:77,13,0,3
BRDA:77,13,1,7
BRDA:85,14,0,1
BRDA:85,14,1,2
BRDA:88,15,0,1
BRDA:88,15,1,1
BRDA:96,16,0,1
BRDA:96,16,1,7
BRDA:99,17,0,1
BRDA:99,17,1,6
BRDA:104,18,0,1
BRDA:104,18,1,3
BRDA:104,19,0,4
BRDA:104,19,1,3
BRDA:114,20,0,1
BRDA:114,20,1,5
BRDA:117,21,0,1
BRDA:117,21,1,4
BRDA:122,22,0,1
BRDA:122,22,1,1
BRF:46
BRH:46
end_of_record
TN:
SF:src\User.js
FN:2,(anonymous_0)
FNF:1
FNH:1
FNDA:10,(anonymous_0)
DA:3,10
DA:4,10
DA:5,10
DA:9,1
LF:4
LH:4
BRF:0
BRH:0
end_of_record
